<?xml version="1.0" encoding="UTF-8"?>
<!-- Generated by org.testng.reporters.JUnitReportReporter -->
<testsuite hostname="DESKTOP-KFHMFDJ" failures="0" tests="2" name="testCases.Test2" time="0.004" errors="0" timestamp="11 Jan 2025 15:17:53 GMT" skipped="0">
  <testcase classname="testCases.Test2" name="test_search" time="0.002"/>
  <testcase classname="testCases.Test2" name="test_advSearch" time="0.002"/>
</testsuite> <!-- testCases.Test2 -->
