<?xml version="1.0" encoding="UTF-8"?>
<!-- Generated by org.testng.reporters.JUnitReportReporter -->
<testsuite skipped="0" hostname="DESKTOP-3R73L8V" name="testCases.Test1" tests="2" failures="0" timestamp="15 Aug 2019 05:37:17 GMT" time="0.021" errors="0">
  <testcase name="test_login" time="0.021" classname="testCases.Test1"/>
  <testcase name="test_logout" time="0.000" classname="testCases.Test1"/>
</testsuite> <!-- testCases.Test1 -->
